


ARM Macro Assembler    Page 1 


    1 00000000                 AREA             MyCode, CODE, READONLY
    2 00000000                 ENTRY
    3 00000000                 EXPORT           __main
    4 00000000         
    5 00000000         __main
    6 00000000 480F            LDR              R0, =SRC    ; R0 = pointer to s
                                                            ource
    7 00000002 4910            LDR              R1, =DST    ; R1 = pointer to d
                                                            estination
    8 00000004 F04F 020A       MOV              R2, #10     ; R2 = loop counter
                                                             (10 numbers)
    9 00000008         
   10 00000008         CopyLoop
   11 00000008 F850 3B04       LDR              R3, [R0], #4 ; Load word from [
                                                            R0] into R3, then R
                                                            0 += 4
   12 0000000C F841 3B04       STR              R3, [R1], #4 ; Store word from 
                                                            R3 into [R1], then 
                                                            R1 += 4
   13 00000010 1E52            SUBS             R2, R2, #1  ; R2 = R2 - 1, upda
                                                            te flags
   14 00000012 D1F9            BNE              CopyLoop    ; If R2 ? 0, loop a
                                                            gain
   15 00000014         
   16 00000014 E7FE            B                .           ; Infinite loop to 
                                                            stop execution
   17 00000016         
   18 00000016 00 00 00000001 
              00000002 
              00000003 
              00000004 
              00000005 
              00000006 
              00000007 
              00000008 
              00000009 
              0000000A SRC     DCD              1,2,3,4,5,6,7,8,9,10 ; Source b
                                                            lock (10 words)
   19 00000040 00000000 
              00000000         AREA             MyData, DATA, READWRITE
   20 00000000 00 00 00 
              00 00 00 
              00 00 00 
              00 00 00 
              00 00 00 
              00 00 00 
              00 00 00 
              00 00 00 
              00 00 00 
              00 00 00 
              00 00 00 
              00 00 00 
              00 00 00 
              00       DST     SPACE            40          ; 10 words × 4 byte
                                                            s = 40 bytes
   21 00000028         
   22 00000028                 END
Command Line: --debug --xref --cpu=Cortex-M3 --apcs=interwork --depend=1a.d -o1
a.o -IC:\Keil\ARM\RV31\INC -IC:\Keil\ARM\CMSIS\Include -IC:\Keil\ARM\Inc\NXP\LP



ARM Macro Assembler    Page 2 


C17xx --predefine="__EVAL SETA 1" --list=1a.lst 1a.s



ARM Macro Assembler    Page 1 Alphabetic symbol ordering
Relocatable symbols

CopyLoop 00000008

Symbol: CopyLoop
   Definitions
      At line 10 in file 1a.s
   Uses
      At line 14 in file 1a.s
Comment: CopyLoop used once
MyCode 00000000

Symbol: MyCode
   Definitions
      At line 1 in file 1a.s
   Uses
      None
Comment: MyCode unused
SRC 00000018

Symbol: SRC
   Definitions
      At line 18 in file 1a.s
   Uses
      At line 6 in file 1a.s
Comment: SRC used once
__main 00000000

Symbol: __main
   Definitions
      At line 5 in file 1a.s
   Uses
      At line 3 in file 1a.s
Comment: __main used once
4 symbols



ARM Macro Assembler    Page 1 Alphabetic symbol ordering
Relocatable symbols

DST 00000000

Symbol: DST
   Definitions
      At line 20 in file 1a.s
   Uses
      At line 7 in file 1a.s
Comment: DST used once
MyData 00000000

Symbol: MyData
   Definitions
      At line 19 in file 1a.s
   Uses
      None
Comment: MyData unused
2 symbols
339 symbols in table
